<?xml version="1.0" encoding="utf-8"?>
<test-run id="0" testcasecount="12" result="Passed" total="12" passed="12" failed="0" inconclusive="0" skipped="0" asserts="16" portable-engine-version="3.3.0.0" start-time="2016-07-25 00:09:22Z" end-time="2016-07-25 00:09:22Z" duration="0.387368">
  <test-suite type="Assembly" id="1013" name="Crud.Net.Web.Tests, Version=0.2.0.0, Culture=neutral, PublicKeyToken=null" fullname="Crud.Net.Web.Tests, Version=0.2.0.0, Culture=neutral, PublicKeyToken=null" runstate="Runnable" testcasecount="12" result="Passed" start-time="2016-07-25 00:09:22Z" end-time="2016-07-25 00:09:22Z" duration="0.284529" total="12" passed="12" failed="0" inconclusive="0" skipped="0" asserts="16">
    <settings>
      <setting name="WorkDirectory" value="/Users/nilur/Documents/Projects/src/github.com/Frankly Coded/CRUD.NET/netcore" />
    </settings>
    <test-suite type="TestSuite" id="1014" name="Crud" fullname="Crud" runstate="Runnable" testcasecount="12" result="Passed" start-time="2016-07-25 00:09:22Z" end-time="2016-07-25 00:09:22Z" duration="0.277836" total="12" passed="12" failed="0" inconclusive="0" skipped="0" asserts="16">
      <test-suite type="TestSuite" id="1015" name="Net" fullname="Crud.Net" runstate="Runnable" testcasecount="12" result="Passed" start-time="2016-07-25 00:09:22Z" end-time="2016-07-25 00:09:22Z" duration="0.277647" total="12" passed="12" failed="0" inconclusive="0" skipped="0" asserts="16">
        <test-suite type="TestSuite" id="1016" name="Web" fullname="Crud.Net.Web" runstate="Runnable" testcasecount="12" result="Passed" start-time="2016-07-25 00:09:22Z" end-time="2016-07-25 00:09:22Z" duration="0.277542" total="12" passed="12" failed="0" inconclusive="0" skipped="0" asserts="16">
          <test-suite type="TestSuite" id="1017" name="Tests" fullname="Crud.Net.Web.Tests" runstate="Runnable" testcasecount="12" result="Passed" start-time="2016-07-25 00:09:22Z" end-time="2016-07-25 00:09:22Z" duration="0.277438" total="12" passed="12" failed="0" inconclusive="0" skipped="0" asserts="16">
            <test-suite type="TestSuite" id="1018" name="Controller" fullname="Crud.Net.Web.Tests.Controller" runstate="Runnable" testcasecount="12" result="Passed" start-time="2016-07-25 00:09:22Z" end-time="2016-07-25 00:09:22Z" duration="0.277308" total="12" passed="12" failed="0" inconclusive="0" skipped="0" asserts="16">
              <test-suite type="TestFixture" id="1000" name="CRUDControllerTests" fullname="Crud.Net.Web.Tests.Controller.CRUDControllerTests" classname="Crud.Net.Web.Tests.Controller.CRUDControllerTests" runstate="Runnable" testcasecount="12" result="Passed" start-time="2016-07-25 00:09:22Z" end-time="2016-07-25 00:09:22Z" duration="0.275365" total="12" passed="12" failed="0" inconclusive="0" skipped="0" asserts="16">
                <test-case id="1012" name="Test_Delete_Error_Return_500" fullname="Crud.Net.Web.Tests.Controller.CRUDControllerTests.Test_Delete_Error_Return_500" methodname="Test_Delete_Error_Return_500" classname="Crud.Net.Web.Tests.Controller.CRUDControllerTests" runstate="Runnable" seed="1096372155" result="Passed" start-time="2016-07-25 00:09:22Z" end-time="2016-07-25 00:09:22Z" duration="0.200091" asserts="2" />
                <test-case id="1011" name="Test_Delete_NotFound_Return_404" fullname="Crud.Net.Web.Tests.Controller.CRUDControllerTests.Test_Delete_NotFound_Return_404" methodname="Test_Delete_NotFound_Return_404" classname="Crud.Net.Web.Tests.Controller.CRUDControllerTests" runstate="Runnable" seed="394763711" result="Passed" start-time="2016-07-25 00:09:22Z" end-time="2016-07-25 00:09:22Z" duration="0.003599" asserts="1" />
                <test-case id="1010" name="Test_Delete_Success_Return_200" fullname="Crud.Net.Web.Tests.Controller.CRUDControllerTests.Test_Delete_Success_Return_200" methodname="Test_Delete_Success_Return_200" classname="Crud.Net.Web.Tests.Controller.CRUDControllerTests" runstate="Runnable" seed="1903050907" result="Passed" start-time="2016-07-25 00:09:22Z" end-time="2016-07-25 00:09:22Z" duration="0.001904" asserts="1" />
                <test-case id="1004" name="Test_GetById_Error_Return_500" fullname="Crud.Net.Web.Tests.Controller.CRUDControllerTests.Test_GetById_Error_Return_500" methodname="Test_GetById_Error_Return_500" classname="Crud.Net.Web.Tests.Controller.CRUDControllerTests" runstate="Runnable" seed="1675216931" result="Passed" start-time="2016-07-25 00:09:22Z" end-time="2016-07-25 00:09:22Z" duration="0.005502" asserts="2" />
                <test-case id="1003" name="Test_GetById_Found_Return_200" fullname="Crud.Net.Web.Tests.Controller.CRUDControllerTests.Test_GetById_Found_Return_200" methodname="Test_GetById_Found_Return_200" classname="Crud.Net.Web.Tests.Controller.CRUDControllerTests" runstate="Runnable" seed="1395719788" result="Passed" start-time="2016-07-25 00:09:22Z" end-time="2016-07-25 00:09:22Z" duration="0.002357" asserts="1" />
                <test-case id="1002" name="Test_GetById_NotFound_Return_404" fullname="Crud.Net.Web.Tests.Controller.CRUDControllerTests.Test_GetById_NotFound_Return_404" methodname="Test_GetById_NotFound_Return_404" classname="Crud.Net.Web.Tests.Controller.CRUDControllerTests" runstate="Runnable" seed="674639667" result="Passed" start-time="2016-07-25 00:09:22Z" end-time="2016-07-25 00:09:22Z" duration="0.001733" asserts="1" />
                <test-case id="1001" name="Test_NoCRUDManager_ArgumentNullException" fullname="Crud.Net.Web.Tests.Controller.CRUDControllerTests.Test_NoCRUDManager_ArgumentNullException" methodname="Test_NoCRUDManager_ArgumentNullException" classname="Crud.Net.Web.Tests.Controller.CRUDControllerTests" runstate="Runnable" seed="1012111453" result="Passed" start-time="2016-07-25 00:09:22Z" end-time="2016-07-25 00:09:22Z" duration="0.002165" asserts="1" />
                <test-case id="1006" name="Test_Post_Error_Return_500" fullname="Crud.Net.Web.Tests.Controller.CRUDControllerTests.Test_Post_Error_Return_500" methodname="Test_Post_Error_Return_500" classname="Crud.Net.Web.Tests.Controller.CRUDControllerTests" runstate="Runnable" seed="1187011578" result="Passed" start-time="2016-07-25 00:09:22Z" end-time="2016-07-25 00:09:22Z" duration="0.007334" asserts="2" />
                <test-case id="1005" name="Test_Post_Success_Return_200" fullname="Crud.Net.Web.Tests.Controller.CRUDControllerTests.Test_Post_Success_Return_200" methodname="Test_Post_Success_Return_200" classname="Crud.Net.Web.Tests.Controller.CRUDControllerTests" runstate="Runnable" seed="1246928731" result="Passed" start-time="2016-07-25 00:09:22Z" end-time="2016-07-25 00:09:22Z" duration="0.003008" asserts="1" />
                <test-case id="1009" name="Test_Put_Error_Return_500" fullname="Crud.Net.Web.Tests.Controller.CRUDControllerTests.Test_Put_Error_Return_500" methodname="Test_Put_Error_Return_500" classname="Crud.Net.Web.Tests.Controller.CRUDControllerTests" runstate="Runnable" seed="491610619" result="Passed" start-time="2016-07-25 00:09:22Z" end-time="2016-07-25 00:09:22Z" duration="0.005639" asserts="2" />
                <test-case id="1008" name="Test_Put_NotFound_Return_404" fullname="Crud.Net.Web.Tests.Controller.CRUDControllerTests.Test_Put_NotFound_Return_404" methodname="Test_Put_NotFound_Return_404" classname="Crud.Net.Web.Tests.Controller.CRUDControllerTests" runstate="Runnable" seed="1241867040" result="Passed" start-time="2016-07-25 00:09:22Z" end-time="2016-07-25 00:09:22Z" duration="0.002865" asserts="1" />
                <test-case id="1007" name="Test_Put_Success_Return_200" fullname="Crud.Net.Web.Tests.Controller.CRUDControllerTests.Test_Put_Success_Return_200" methodname="Test_Put_Success_Return_200" classname="Crud.Net.Web.Tests.Controller.CRUDControllerTests" runstate="Runnable" seed="286721586" result="Passed" start-time="2016-07-25 00:09:22Z" end-time="2016-07-25 00:09:22Z" duration="0.002856" asserts="1" />
              </test-suite>
            </test-suite>
          </test-suite>
        </test-suite>
      </test-suite>
    </test-suite>
  </test-suite>
</test-run>